<?xml version="1.0" encoding="UTF-8"?>
<!-- Generated by org.testng.reporters.JUnitXMLReporter -->
<testsuite hostname="DESKTOP-OSG43F4" ignored="6" name="Default test" tests="1" failures="0" timestamp="2022-08-24T19:29:07 SGT" time="17.083" errors="0">
  <testcase name="SignUpUserTest" time="9.656" classname="testCases.AllTestCases"/>
  <testcase name="AddNewProductTest" time="0.0" classname="testCases.AllTestCases">
    <ignored/>
  </testcase> <!-- AddNewProductTest -->
  <testcase name="AddToCartTest" time="0.0" classname="testCases.AllTestCases">
    <ignored/>
  </testcase> <!-- AddToCartTest -->
  <testcase name="UserLoginparameterizedTest" time="0.0" classname="testCases.AllTestCases">
    <ignored/>
  </testcase> <!-- UserLoginparameterizedTest -->
  <testcase name="AdminLoginTest" time="0.0" classname="testCases.AllTestCases">
    <ignored/>
  </testcase> <!-- AdminLoginTest -->
  <testcase name="EditProductTest" time="0.0" classname="testCases.AllTestCases">
    <ignored/>
  </testcase> <!-- EditProductTest -->
  <testcase name="ExcelDataTest" time="0.0" classname="testCases.AllTestCases">
    <ignored/>
  </testcase> <!-- ExcelDataTest -->
</testsuite> <!-- Default test -->
