<?xml version="1.0" encoding="UTF-8"?>
<!-- Generated by org.testng.reporters.JUnitXMLReporter -->
<testsuite hostname="DESKTOP-OSG43F4" ignored="6" name="Test" tests="1" failures="0" timestamp="2022-08-24T19:27:56 SGT" time="13.873" errors="0">
  <testcase name="UserLoginparameterizedTest" time="1.653" classname="testCases.AllTestCases"/>
  <testcase name="AdminLoginTest" time="0.0" classname="testCases.AllTestCases">
    <ignored/>
  </testcase> <!-- AdminLoginTest -->
  <testcase name="AddNewProductTest" time="0.0" classname="testCases.AllTestCases">
    <ignored/>
  </testcase> <!-- AddNewProductTest -->
  <testcase name="SignUpUserTest" time="0.0" classname="testCases.AllTestCases">
    <ignored/>
  </testcase> <!-- SignUpUserTest -->
  <testcase name="AddToCartTest" time="0.0" classname="testCases.AllTestCases">
    <ignored/>
  </testcase> <!-- AddToCartTest -->
  <testcase name="EditProductTest" time="0.0" classname="testCases.AllTestCases">
    <ignored/>
  </testcase> <!-- EditProductTest -->
  <testcase name="ExcelDataTest" time="0.0" classname="testCases.AllTestCases">
    <ignored/>
  </testcase> <!-- ExcelDataTest -->
</testsuite> <!-- Test -->
